[Sun Jun 27 22:26:44.035471 2021] [mpm_event:notice] [pid 22:tid 140357126568896] AH00489: Apache/2.4.29 (Ubuntu) OpenSSL/1.1.1 configured -- resuming normal operations
[Sun Jun 27 22:26:44.038480 2021] [core:notice] [pid 22:tid 140357126568896] AH00094: Command line: '/usr/sbin/apache2 -D FOREGROUND'
[Sun Jun 27 22:57:53.274325 2021] [core:warn] [pid 22:tid 140434459970496] AH00098: pid file /var/run/apache2/apache2.pid overwritten -- Unclean shutdown of previous Apache run?
[Sun Jun 27 22:57:53.275140 2021] [mpm_event:notice] [pid 22:tid 140434459970496] AH00489: Apache/2.4.29 (Ubuntu) OpenSSL/1.1.1 configured -- resuming normal operations
[Sun Jun 27 22:57:53.275174 2021] [core:notice] [pid 22:tid 140434459970496] AH00094: Command line: '/usr/sbin/apache2 -D FOREGROUND'
[Tue Jun 29 20:23:35.119351 2021] [mpm_event:notice] [pid 22:tid 140501866154944] AH00489: Apache/2.4.29 (Ubuntu) OpenSSL/1.1.1 configured -- resuming normal operations
[Tue Jun 29 20:23:35.119726 2021] [core:notice] [pid 22:tid 140501866154944] AH00094: Command line: '/usr/sbin/apache2 -D FOREGROUND'
[Wed Jun 30 13:17:02.127911 2021] [core:warn] [pid 22:tid 140536485542848] AH00098: pid file /var/run/apache2/apache2.pid overwritten -- Unclean shutdown of previous Apache run?
[Wed Jun 30 13:17:02.131577 2021] [mpm_event:notice] [pid 22:tid 140536485542848] AH00489: Apache/2.4.29 (Ubuntu) OpenSSL/1.1.1 configured -- resuming normal operations
[Wed Jun 30 13:17:02.131602 2021] [core:notice] [pid 22:tid 140536485542848] AH00094: Command line: '/usr/sbin/apache2 -D FOREGROUND'
[Thu Jul 01 13:23:14.511453 2021] [core:warn] [pid 23:tid 139852322331584] AH00098: pid file /var/run/apache2/apache2.pid overwritten -- Unclean shutdown of previous Apache run?
[Thu Jul 01 13:23:14.515334 2021] [mpm_event:notice] [pid 23:tid 139852322331584] AH00489: Apache/2.4.29 (Ubuntu) OpenSSL/1.1.1 configured -- resuming normal operations
[Thu Jul 01 13:23:14.515359 2021] [core:notice] [pid 23:tid 139852322331584] AH00094: Command line: '/usr/sbin/apache2 -D FOREGROUND'
[Fri Jul 02 13:36:59.250030 2021] [core:warn] [pid 22:tid 140404002016192] AH00098: pid file /var/run/apache2/apache2.pid overwritten -- Unclean shutdown of previous Apache run?
[Fri Jul 02 13:36:59.253996 2021] [mpm_event:notice] [pid 22:tid 140404002016192] AH00489: Apache/2.4.29 (Ubuntu) OpenSSL/1.1.1 configured -- resuming normal operations
[Fri Jul 02 13:36:59.254020 2021] [core:notice] [pid 22:tid 140404002016192] AH00094: Command line: '/usr/sbin/apache2 -D FOREGROUND'
[Mon Jul 05 13:34:56.640683 2021] [core:warn] [pid 23:tid 140166501829568] AH00098: pid file /var/run/apache2/apache2.pid overwritten -- Unclean shutdown of previous Apache run?
[Mon Jul 05 13:34:56.677887 2021] [mpm_event:notice] [pid 23:tid 140166501829568] AH00489: Apache/2.4.29 (Ubuntu) OpenSSL/1.1.1 configured -- resuming normal operations
[Mon Jul 05 13:34:56.677918 2021] [core:notice] [pid 23:tid 140166501829568] AH00094: Command line: '/usr/sbin/apache2 -D FOREGROUND'
[Tue Jul 06 13:03:14.359927 2021] [core:warn] [pid 23:tid 139712907275200] AH00098: pid file /var/run/apache2/apache2.pid overwritten -- Unclean shutdown of previous Apache run?
[Tue Jul 06 13:03:14.364549 2021] [mpm_event:notice] [pid 23:tid 139712907275200] AH00489: Apache/2.4.29 (Ubuntu) OpenSSL/1.1.1 configured -- resuming normal operations
[Tue Jul 06 13:03:14.364576 2021] [core:notice] [pid 23:tid 139712907275200] AH00094: Command line: '/usr/sbin/apache2 -D FOREGROUND'
[Wed Jul 07 13:31:50.281718 2021] [core:warn] [pid 23:tid 139955884542912] AH00098: pid file /var/run/apache2/apache2.pid overwritten -- Unclean shutdown of previous Apache run?
[Wed Jul 07 13:31:50.285617 2021] [mpm_event:notice] [pid 23:tid 139955884542912] AH00489: Apache/2.4.29 (Ubuntu) OpenSSL/1.1.1 configured -- resuming normal operations
[Wed Jul 07 13:31:50.285642 2021] [core:notice] [pid 23:tid 139955884542912] AH00094: Command line: '/usr/sbin/apache2 -D FOREGROUND'
[Mon Jul 12 14:00:37.630712 2021] [mpm_event:notice] [pid 22:tid 139725677546432] AH00489: Apache/2.4.29 (Ubuntu) OpenSSL/1.1.1 configured -- resuming normal operations
[Mon Jul 12 14:00:37.638182 2021] [core:notice] [pid 22:tid 139725677546432] AH00094: Command line: '/usr/sbin/apache2 -D FOREGROUND'
[Mon Jul 12 17:06:12.402082 2021] [core:warn] [pid 23:tid 140527330700224] AH00098: pid file /var/run/apache2/apache2.pid overwritten -- Unclean shutdown of previous Apache run?
[Mon Jul 12 17:06:12.406095 2021] [mpm_event:notice] [pid 23:tid 140527330700224] AH00489: Apache/2.4.29 (Ubuntu) OpenSSL/1.1.1 configured -- resuming normal operations
[Mon Jul 12 17:06:12.406127 2021] [core:notice] [pid 23:tid 140527330700224] AH00094: Command line: '/usr/sbin/apache2 -D FOREGROUND'
[Mon Jul 12 20:40:45.186335 2021] [core:warn] [pid 23:tid 140552720493504] AH00098: pid file /var/run/apache2/apache2.pid overwritten -- Unclean shutdown of previous Apache run?
[Mon Jul 12 20:40:45.190670 2021] [mpm_event:notice] [pid 23:tid 140552720493504] AH00489: Apache/2.4.29 (Ubuntu) OpenSSL/1.1.1 configured -- resuming normal operations
[Mon Jul 12 20:40:45.190717 2021] [core:notice] [pid 23:tid 140552720493504] AH00094: Command line: '/usr/sbin/apache2 -D FOREGROUND'
[Tue Jul 13 13:30:42.233729 2021] [core:warn] [pid 26:tid 139797789105088] AH00098: pid file /var/run/apache2/apache2.pid overwritten -- Unclean shutdown of previous Apache run?
[Tue Jul 13 13:30:42.237743 2021] [mpm_event:notice] [pid 26:tid 139797789105088] AH00489: Apache/2.4.29 (Ubuntu) OpenSSL/1.1.1 configured -- resuming normal operations
[Tue Jul 13 13:30:42.237770 2021] [core:notice] [pid 26:tid 139797789105088] AH00094: Command line: '/usr/sbin/apache2 -D FOREGROUND'
[Tue Jul 13 14:50:15.729464 2021] [core:warn] [pid 22:tid 139907332512704] AH00098: pid file /var/run/apache2/apache2.pid overwritten -- Unclean shutdown of previous Apache run?
[Tue Jul 13 14:50:15.733048 2021] [mpm_event:notice] [pid 22:tid 139907332512704] AH00489: Apache/2.4.29 (Ubuntu) OpenSSL/1.1.1 configured -- resuming normal operations
[Tue Jul 13 14:50:15.733074 2021] [core:notice] [pid 22:tid 139907332512704] AH00094: Command line: '/usr/sbin/apache2 -D FOREGROUND'
[Wed Jul 14 13:19:19.624646 2021] [core:warn] [pid 23:tid 140334112906176] AH00098: pid file /var/run/apache2/apache2.pid overwritten -- Unclean shutdown of previous Apache run?
[Wed Jul 14 13:19:19.628614 2021] [mpm_event:notice] [pid 23:tid 140334112906176] AH00489: Apache/2.4.29 (Ubuntu) OpenSSL/1.1.1 configured -- resuming normal operations
[Wed Jul 14 13:19:19.628635 2021] [core:notice] [pid 23:tid 140334112906176] AH00094: Command line: '/usr/sbin/apache2 -D FOREGROUND'
[Thu Jul 15 20:06:51.040495 2021] [core:warn] [pid 23:tid 139695875226560] AH00098: pid file /var/run/apache2/apache2.pid overwritten -- Unclean shutdown of previous Apache run?
[Thu Jul 15 20:06:51.044439 2021] [mpm_event:notice] [pid 23:tid 139695875226560] AH00489: Apache/2.4.29 (Ubuntu) OpenSSL/1.1.1 configured -- resuming normal operations
[Thu Jul 15 20:06:51.044461 2021] [core:notice] [pid 23:tid 139695875226560] AH00094: Command line: '/usr/sbin/apache2 -D FOREGROUND'
[Thu Jul 22 17:32:08.604394 2021] [core:warn] [pid 22:tid 140376230419392] AH00098: pid file /var/run/apache2/apache2.pid overwritten -- Unclean shutdown of previous Apache run?
[Thu Jul 22 17:32:08.608088 2021] [mpm_event:notice] [pid 22:tid 140376230419392] AH00489: Apache/2.4.29 (Ubuntu) OpenSSL/1.1.1 configured -- resuming normal operations
[Thu Jul 22 17:32:08.608113 2021] [core:notice] [pid 22:tid 140376230419392] AH00094: Command line: '/usr/sbin/apache2 -D FOREGROUND'
